[2022-05-30 22:58:10]--[/tmp/tmp.o3wWnieHFs/src_cgi/myfiles/myfiles_cgi.c:566]--cmd = count
[2022-05-30 22:58:10]--[/tmp/tmp.o3wWnieHFs/src_cgi/myfiles/myfiles_cgi.c:598]--buf = {
    "token": "e2d0ec0eea44432258a77d25be7822cf",
    "user": "linfan"
}

[2022-05-30 22:58:10]--[/tmp/tmp.o3wWnieHFs/src_cgi/myfiles/myfiles_cgi.c:47]--child1->valuestring = linfan
[2022-05-30 22:58:10]--[/tmp/tmp.o3wWnieHFs/src_cgi/myfiles/myfiles_cgi.c:59]--child2->valuestring = e2d0ec0eea44432258a77d25be7822cf
[2022-05-30 22:58:10]--[/tmp/tmp.o3wWnieHFs/src_cgi/myfiles/myfiles_cgi.c:202]--msql conn success!!!
[2022-05-30 22:58:10]--[/tmp/tmp.o3wWnieHFs/src_cgi/myfiles/myfiles_cgi.c:220]--line = 2
[2022-05-30 22:58:10]--[/tmp/tmp.o3wWnieHFs/src_cgi/myfiles/myfiles_cgi.c:566]--cmd = normal
[2022-05-30 22:58:10]--[/tmp/tmp.o3wWnieHFs/src_cgi/myfiles/myfiles_cgi.c:598]--buf = {
    "count": 2,
    "start": 0,
    "token": "e2d0ec0eea44432258a77d25be7822cf",
    "user": "linfan"
}

[2022-05-30 22:58:10]--[/tmp/tmp.o3wWnieHFs/src_cgi/myfiles/myfiles_cgi.c:618]--user = linfan, token = e2d0ec0eea44432258a77d25be7822cf, start = 0, count = 2
[2022-05-30 22:58:10]--[/tmp/tmp.o3wWnieHFs/src_cgi/myfiles/myfiles_cgi.c:361]--msql conn success!!!
[2022-05-30 22:58:10]--[/tmp/tmp.o3wWnieHFs/src_cgi/myfiles/myfiles_cgi.c:383]--select user_file_list.*, file_info.url, file_info.size, file_info.type from file_info, user_file_list where user = 'linfan' and file_info.md5 = user_file_list.md5 limit 0, 2 在操作
[2022-05-30 22:58:10]--[/tmp/tmp.o3wWnieHFs/src_cgi/myfiles/myfiles_cgi.c:505]--{
	"files":	[{
			"user":	"linfan",
			"md5":	"bee4a42a8f92a7d21c461360571da280",
			"time":	"2022-05-26 22:55:24",
			"filename":	"从零开始详细介绍CMake.pdf",
			"share_status":	0,
			"pv":	0,
			"url":	"http://192.168.28.141:80/group1/M00/00/00/wKgcjWKPlNyALI5oAA8v_iVxuFY990.pdf",
			"size":	995326,
			"type":	"pdf"
		}, {
			"user":	"linfan",
			"md5":	"3d4cd02956f52ff515c91ccd70e2ad2e",
			"time":	"2022-05-29 23:10:15",
			"filename":	"ADE_val_00000007.jpg",
			"share_status":	0,
			"pv":	0,
			"url":	"http://192.168.28.141:80/group1/M00/00/00/wKgcjWKTjNeAO1KKAADWvWrPQns026.jpg",
			"size":	54973,
			"type":	"jpg"
		}]
}
